nockk@DESKTOP-8B1UC26:~/tsa-capstone/tsa-capstone-phoenix$ make check-deps
Checking dependencies...
❌ kubectl not found
make: *** [Makefile:186: check-deps] Error 1
nockk@DESKTOP-8B1UC26:~/tsa-capstone/tsa-capstone-phoenix$ make init TF_ENV=dev
Initializing Terraform...
Initializing modules...
- security in modules/security
- network in modules/network
- compute in modules/compute
Initializing provider plugins found in the configuration...
- Finding hashicorp/aws versions matching "~> 5.0"...
- Finding hashicorp/local versions matching "~> 2.0"...
- Finding hashicorp/tls versions matching "~> 4.0"...
- Finding hashicorp/random versions matching "~> 3.0"...
- Finding hashicorp/null versions matching "~> 3.0"...
- Installing hashicorp/local v2.9.0...
- Installed hashicorp/local v2.9.0 (signed by HashiCorp)
- Installing hashicorp/tls v4.3.0...
- Installed hashicorp/tls v4.3.0 (signed by HashiCorp)
- Installing hashicorp/random v3.9.0...
- Installed hashicorp/random v3.9.0 (signed by HashiCorp)
- Installing hashicorp/null v3.3.0...
- Installed hashicorp/null v3.3.0 (signed by HashiCorp)
- Installing hashicorp/aws v5.100.0...
- Installed hashicorp/aws v5.100.0 (signed by HashiCorp)

Initializing the backend...


Terraform has created a lock file .terraform.lock.hcl to record the provider
selections it made above. Include this file in your version control repository
so that Terraform can guarantee to make the same selections by default when
you run "terraform init" in the future.

Terraform has been successfully initialized!

You may now begin working with Terraform. Try running "terraform plan" to see
any changes that are required for your infrastructure. All Terraform commands
should now work.

If you ever set or change modules or backend configuration for Terraform,
rerun this command to reinitialize your working directory. If you forget, other
commands will detect it and remind you to do so if necessary.
✓ Initialized!
nockk@DESKTOP-8B1UC26:~/tsa-capstone/tsa-capstone-phoenix$